<?xml version="1.0" encoding="UTF-8"?>
<!-- Generated by org.testng.reporters.JUnitReportReporter -->
<testsuite hostname="LAPTOP-9QG0PJN8" name="testscripts.VarifyInvalidSearch" tests="1" failures="0" timestamp="28 Apr 2023 20:33:40 GMT" time="7.588" errors="0">
  <testcase name="VarifySearchResult" time="7.588" classname="testscripts.VarifyInvalidSearch"/>
</testsuite> <!-- testscripts.VarifyInvalidSearch -->
