<?xml version="1.0" encoding="UTF-8"?>
<!-- Generated by org.testng.reporters.JUnitReportReporter -->
<testsuite hostname="LAPTOP-9QG0PJN8" name="testscripts.VarifyInvalidUserSignIn" tests="1" failures="0" timestamp="28 Apr 2023 20:33:40 GMT" time="7.776" errors="0">
  <testcase name="VarifySignInFeature" time="7.776" classname="testscripts.VarifyInvalidUserSignIn"/>
</testsuite> <!-- testscripts.VarifyInvalidUserSignIn -->
