<?xml version="1.0" encoding="UTF-8"?>
<!-- Generated by org.testng.reporters.JUnitReportReporter -->
<testsuite hostname="LAPTOP-9QG0PJN8" name="testscripts.VarifyStartAfreetrial" tests="1" failures="0" timestamp="27 Apr 2023 15:30:55 GMT" time="0.267" errors="0">
  <testcase name="varifystoryCatagory" time="0.267" classname="testscripts.VarifyStartAfreetrial"/>
</testsuite> <!-- testscripts.VarifyStartAfreetrial -->
