<?xml version="1.0" encoding="UTF-8"?>
<!-- Generated by org.testng.reporters.JUnitReportReporter -->
<testsuite hostname="LAPTOP-9QG0PJN8" name="study.DemoGetRequest" tests="1" failures="0" timestamp="24 Apr 2023 20:36:28 GMT" time="3.716" errors="0">
  <testcase name="checkGet" time="3.716" classname="study.DemoGetRequest"/>
</testsuite> <!-- study.DemoGetRequest -->
