<?xml version="1.0" encoding="UTF-8"?>
<!-- Generated by org.testng.reporters.JUnitReportReporter -->
<testsuite hostname="LAPTOP-9QG0PJN8" name="Testscripts.CreatQuotes" tests="1" failures="0" timestamp="30 Jan 2023 18:19:15 GMT" time="20.907" errors="0">
  <testcase name="QuotesCreation" time="20.907" classname="Testscripts.CreatQuotes"/>
</testsuite> <!-- Testscripts.CreatQuotes -->
